Frontend/GoForth/app/build/intermediates/manifest_merge_blame_file/debug/processDebugMainManifest/manifest-merger-blame-debug-report.txt
1<?xml version="1.0" encoding="utf-8"?>
2<manifest xmlns:android="http://schemas.android.com/apk/res/android"
3    package="com.example.goforth"
4    android:versionCode="1"
5    android:versionName="1.0" >
6
7    <uses-sdk
8        android:minSdkVersion="24"
9        android:targetSdkVersion="34" />
10
11    <uses-permission android:name="android.permission.INTERNET" />
11-->src/main/AndroidManifest.xml:5:5-67
11-->src/main/AndroidManifest.xml:5:22-64
12    <uses-permission android:name="android.permission.REORDER_TASKS" />
12-->[androidx.test:core:1.5.0] AndroidManifest.xml:24:5-72
12-->[androidx.test:core:1.5.0] AndroidManifest.xml:24:22-69
13
14    <permission
14-->[androidx.core:core:1.13.0] AndroidManifest.xml:22:5-24:47
15        android:name="com.example.goforth.DYNAMIC_RECEIVER_NOT_EXPORTED_PERMISSION"
15-->[androidx.core:core:1.13.0] AndroidManifest.xml:23:9-81
16        android:protectionLevel="signature" />
16-->[androidx.core:core:1.13.0] AndroidManifest.xml:24:9-44
17
18    <uses-permission android:name="com.example.goforth.DYNAMIC_RECEIVER_NOT_EXPORTED_PERMISSION" />
18-->[androidx.core:core:1.13.0] AndroidManifest.xml:26:5-97
18-->[androidx.core:core:1.13.0] AndroidManifest.xml:26:22-94
19
20    <queries>
20-->[androidx.test:runner:1.5.2] AndroidManifest.xml:24:5-28:15
21        <package android:name="androidx.test.orchestrator" />
21-->[androidx.test:runner:1.5.2] AndroidManifest.xml:25:9-62
21-->[androidx.test:runner:1.5.2] AndroidManifest.xml:25:18-59
22        <package android:name="androidx.test.services" />
22-->[androidx.test:runner:1.5.2] AndroidManifest.xml:26:9-58
22-->[androidx.test:runner:1.5.2] AndroidManifest.xml:26:18-55
23        <package android:name="com.google.android.apps.common.testing.services" />
23-->[androidx.test:runner:1.5.2] AndroidManifest.xml:27:9-83
23-->[androidx.test:runner:1.5.2] AndroidManifest.xml:27:18-80
24    </queries>
25
26    <application
26-->src/main/AndroidManifest.xml:7:5-72:19
27        android:allowBackup="true"
27-->src/main/AndroidManifest.xml:8:9-35
28        android:appComponentFactory="androidx.core.app.CoreComponentFactory"
28-->[androidx.core:core:1.13.0] AndroidManifest.xml:28:18-86
29        android:dataExtractionRules="@xml/data_extraction_rules"
29-->src/main/AndroidManifest.xml:9:9-65
30        android:debuggable="true"
31        android:extractNativeLibs="false"
32        android:fullBackupContent="@xml/backup_rules"
32-->src/main/AndroidManifest.xml:10:9-54
33        android:icon="@mipmap/ic_launcher"
33-->src/main/AndroidManifest.xml:11:9-43
34        android:label="@string/app_name"
34-->src/main/AndroidManifest.xml:12:9-41
35        android:roundIcon="@mipmap/ic_launcher_round"
35-->src/main/AndroidManifest.xml:13:9-54
36        android:supportsRtl="true"
36-->src/main/AndroidManifest.xml:14:9-35
37        android:testOnly="true"
38        android:theme="@style/Theme.GoForth"
38-->src/main/AndroidManifest.xml:15:9-45
39        android:usesCleartextTraffic="true" >
39-->src/main/AndroidManifest.xml:16:9-44
40        <activity
40-->src/main/AndroidManifest.xml:18:9-20:40
41            android:name="com.example.goforth.ClanJoinActivity"
41-->src/main/AndroidManifest.xml:19:13-45
42            android:exported="false" />
42-->src/main/AndroidManifest.xml:20:13-37
43        <activity
43-->src/main/AndroidManifest.xml:21:9-23:40
44            android:name="com.example.goforth.ClanCreateActivity"
44-->src/main/AndroidManifest.xml:22:13-47
45            android:exported="false" />
45-->src/main/AndroidManifest.xml:23:13-37
46        <activity
46-->src/main/AndroidManifest.xml:24:9-26:40
47            android:name="com.example.goforth.ClanDisplay"
47-->src/main/AndroidManifest.xml:25:13-40
48            android:exported="false" />
48-->src/main/AndroidManifest.xml:26:13-37
49        <activity
49-->src/main/AndroidManifest.xml:27:9-29:40
50            android:name="com.example.goforth.ClanManagement"
50-->src/main/AndroidManifest.xml:28:13-43
51            android:exported="false" />
51-->src/main/AndroidManifest.xml:29:13-37
52        <activity
52-->src/main/AndroidManifest.xml:30:9-32:40
53            android:name="com.example.goforth.ClanChat"
53-->src/main/AndroidManifest.xml:31:13-37
54            android:exported="false" />
54-->src/main/AndroidManifest.xml:32:13-37
55        <activity
55-->src/main/AndroidManifest.xml:33:9-35:40
56            android:name="com.example.goforth.ClanActivity"
56-->src/main/AndroidManifest.xml:34:13-41
57            android:exported="false" />
57-->src/main/AndroidManifest.xml:35:13-37
58        <activity
58-->src/main/AndroidManifest.xml:36:9-38:40
59            android:name="com.example.goforth.ResourceActivity"
59-->src/main/AndroidManifest.xml:37:13-45
60            android:exported="false" />
60-->src/main/AndroidManifest.xml:38:13-37
61        <activity
61-->src/main/AndroidManifest.xml:39:9-47:20
62            android:name="com.example.goforth.MainActivity"
62-->src/main/AndroidManifest.xml:40:13-41
63            android:exported="true" >
63-->src/main/AndroidManifest.xml:41:13-36
64            <intent-filter>
64-->src/main/AndroidManifest.xml:42:13-46:29
65                <action android:name="android.intent.action.MAIN" />
65-->src/main/AndroidManifest.xml:43:17-69
65-->src/main/AndroidManifest.xml:43:25-66
66
67                <category android:name="android.intent.category.LAUNCHER" />
67-->src/main/AndroidManifest.xml:45:17-77
67-->src/main/AndroidManifest.xml:45:27-74
68            </intent-filter>
69        </activity>
70        <activity
70-->src/main/AndroidManifest.xml:48:9-50:40
71            android:name="com.example.goforth.TroopManagementActivity"
71-->src/main/AndroidManifest.xml:49:13-52
72            android:exported="false" />
72-->src/main/AndroidManifest.xml:50:13-37
73        <activity
73-->src/main/AndroidManifest.xml:51:9-53:40
74            android:name="com.example.goforth.SignupSuccessActivity"
74-->src/main/AndroidManifest.xml:52:13-50
75            android:exported="false" />
75-->src/main/AndroidManifest.xml:53:13-37
76        <activity
76-->src/main/AndroidManifest.xml:54:9-56:40
77            android:name="com.example.goforth.LoginActivity"
77-->src/main/AndroidManifest.xml:55:13-42
78            android:exported="false" />
78-->src/main/AndroidManifest.xml:56:13-37
79        <activity
79-->src/main/AndroidManifest.xml:57:9-59:40
80            android:name="com.example.goforth.SignupActivity"
80-->src/main/AndroidManifest.xml:58:13-43
81            android:exported="false" />
81-->src/main/AndroidManifest.xml:59:13-37
82        <activity
82-->src/main/AndroidManifest.xml:60:9-62:40
83            android:name="com.example.goforth.DisplayActivity"
83-->src/main/AndroidManifest.xml:61:13-44
84            android:exported="false" />
84-->src/main/AndroidManifest.xml:62:13-37
85        <activity
85-->src/main/AndroidManifest.xml:63:9-65:40
86            android:name="com.example.goforth.OverworldActivity"
86-->src/main/AndroidManifest.xml:64:13-46
87            android:exported="false" />
87-->src/main/AndroidManifest.xml:65:13-37
88        <activity
88-->src/main/AndroidManifest.xml:66:9-68:40
89            android:name="com.example.goforth.ResearchActivity"
89-->src/main/AndroidManifest.xml:67:13-45
90            android:exported="false" />
90-->src/main/AndroidManifest.xml:68:13-37
91        <activity
91-->src/main/AndroidManifest.xml:69:9-71:40
92            android:name="com.example.goforth.ChatActivity1"
92-->src/main/AndroidManifest.xml:70:13-42
93            android:exported="false" />
93-->src/main/AndroidManifest.xml:71:13-37
94
95        <provider
95-->[androidx.emoji2:emoji2:1.2.0] AndroidManifest.xml:24:9-32:20
96            android:name="androidx.startup.InitializationProvider"
96-->[androidx.emoji2:emoji2:1.2.0] AndroidManifest.xml:25:13-67
97            android:authorities="com.example.goforth.androidx-startup"
97-->[androidx.emoji2:emoji2:1.2.0] AndroidManifest.xml:26:13-68
98            android:exported="false" >
98-->[androidx.emoji2:emoji2:1.2.0] AndroidManifest.xml:27:13-37
99            <meta-data
99-->[androidx.emoji2:emoji2:1.2.0] AndroidManifest.xml:29:13-31:52
100                android:name="androidx.emoji2.text.EmojiCompatInitializer"
100-->[androidx.emoji2:emoji2:1.2.0] AndroidManifest.xml:30:17-75
101                android:value="androidx.startup" />
101-->[androidx.emoji2:emoji2:1.2.0] AndroidManifest.xml:31:17-49
102            <meta-data
102-->[androidx.lifecycle:lifecycle-process:2.7.0] AndroidManifest.xml:29:13-31:52
103                android:name="androidx.lifecycle.ProcessLifecycleInitializer"
103-->[androidx.lifecycle:lifecycle-process:2.7.0] AndroidManifest.xml:30:17-78
104                android:value="androidx.startup" />
104-->[androidx.lifecycle:lifecycle-process:2.7.0] AndroidManifest.xml:31:17-49
105            <meta-data
105-->[androidx.profileinstaller:profileinstaller:1.3.1] AndroidManifest.xml:29:13-31:52
106                android:name="androidx.profileinstaller.ProfileInstallerInitializer"
106-->[androidx.profileinstaller:profileinstaller:1.3.1] AndroidManifest.xml:30:17-85
107                android:value="androidx.startup" />
107-->[androidx.profileinstaller:profileinstaller:1.3.1] AndroidManifest.xml:31:17-49
108        </provider>
109
110        <activity
110-->[androidx.test:core:1.5.0] AndroidManifest.xml:27:9-34:20
111            android:name="androidx.test.core.app.InstrumentationActivityInvoker$BootstrapActivity"
111-->[androidx.test:core:1.5.0] AndroidManifest.xml:28:13-99
112            android:exported="true"
112-->[androidx.test:core:1.5.0] AndroidManifest.xml:29:13-36
113            android:theme="@style/WhiteBackgroundTheme" >
113-->[androidx.test:core:1.5.0] AndroidManifest.xml:30:13-56
114            <intent-filter android:priority="-100" >
114-->[androidx.test:core:1.5.0] AndroidManifest.xml:31:13-33:29
114-->[androidx.test:core:1.5.0] AndroidManifest.xml:31:28-51
115                <category android:name="android.intent.category.LAUNCHER" />
115-->src/main/AndroidManifest.xml:45:17-77
115-->src/main/AndroidManifest.xml:45:27-74
116            </intent-filter>
117        </activity>
118        <activity
118-->[androidx.test:core:1.5.0] AndroidManifest.xml:35:9-42:20
119            android:name="androidx.test.core.app.InstrumentationActivityInvoker$EmptyActivity"
119-->[androidx.test:core:1.5.0] AndroidManifest.xml:36:13-95
120            android:exported="true"
120-->[androidx.test:core:1.5.0] AndroidManifest.xml:37:13-36
121            android:theme="@style/WhiteBackgroundTheme" >
121-->[androidx.test:core:1.5.0] AndroidManifest.xml:38:13-56
122            <intent-filter android:priority="-100" >
122-->[androidx.test:core:1.5.0] AndroidManifest.xml:31:13-33:29
122-->[androidx.test:core:1.5.0] AndroidManifest.xml:31:28-51
123                <category android:name="android.intent.category.LAUNCHER" />
123-->src/main/AndroidManifest.xml:45:17-77
123-->src/main/AndroidManifest.xml:45:27-74
124            </intent-filter>
125        </activity>
126        <activity
126-->[androidx.test:core:1.5.0] AndroidManifest.xml:43:9-50:20
127            android:name="androidx.test.core.app.InstrumentationActivityInvoker$EmptyFloatingActivity"
127-->[androidx.test:core:1.5.0] AndroidManifest.xml:44:13-103
128            android:exported="true"
128-->[androidx.test:core:1.5.0] AndroidManifest.xml:45:13-36
129            android:theme="@style/WhiteBackgroundDialogTheme" >
129-->[androidx.test:core:1.5.0] AndroidManifest.xml:46:13-62
130            <intent-filter android:priority="-100" >
130-->[androidx.test:core:1.5.0] AndroidManifest.xml:31:13-33:29
130-->[androidx.test:core:1.5.0] AndroidManifest.xml:31:28-51
131                <category android:name="android.intent.category.LAUNCHER" />
131-->src/main/AndroidManifest.xml:45:17-77
131-->src/main/AndroidManifest.xml:45:27-74
132            </intent-filter>
133        </activity>
134
135        <uses-library
135-->[androidx.window:window:1.0.0] AndroidManifest.xml:25:9-27:40
136            android:name="androidx.window.extensions"
136-->[androidx.window:window:1.0.0] AndroidManifest.xml:26:13-54
137            android:required="false" />
137-->[androidx.window:window:1.0.0] AndroidManifest.xml:27:13-37
138        <uses-library
138-->[androidx.window:window:1.0.0] AndroidManifest.xml:28:9-30:40
139            android:name="androidx.window.sidecar"
139-->[androidx.window:window:1.0.0] AndroidManifest.xml:29:13-51
140            android:required="false" />
140-->[androidx.window:window:1.0.0] AndroidManifest.xml:30:13-37
141
142        <receiver
142-->[androidx.profileinstaller:profileinstaller:1.3.1] AndroidManifest.xml:34:9-52:20
143            android:name="androidx.profileinstaller.ProfileInstallReceiver"
143-->[androidx.profileinstaller:profileinstaller:1.3.1] AndroidManifest.xml:35:13-76
144            android:directBootAware="false"
144-->[androidx.profileinstaller:profileinstaller:1.3.1] AndroidManifest.xml:36:13-44
145            android:enabled="true"
145-->[androidx.profileinstaller:profileinstaller:1.3.1] AndroidManifest.xml:37:13-35
146            android:exported="true"
146-->[androidx.profileinstaller:profileinstaller:1.3.1] AndroidManifest.xml:38:13-36
147            android:permission="android.permission.DUMP" >
147-->[androidx.profileinstaller:profileinstaller:1.3.1] AndroidManifest.xml:39:13-57
148            <intent-filter>
148-->[androidx.profileinstaller:profileinstaller:1.3.1] AndroidManifest.xml:40:13-42:29
149                <action android:name="androidx.profileinstaller.action.INSTALL_PROFILE" />
149-->[androidx.profileinstaller:profileinstaller:1.3.1] AndroidManifest.xml:41:17-91
149-->[androidx.profileinstaller:profileinstaller:1.3.1] AndroidManifest.xml:41:25-88
150            </intent-filter>
151            <intent-filter>
151-->[androidx.profileinstaller:profileinstaller:1.3.1] AndroidManifest.xml:43:13-45:29
152                <action android:name="androidx.profileinstaller.action.SKIP_FILE" />
152-->[androidx.profileinstaller:profileinstaller:1.3.1] AndroidManifest.xml:44:17-85
152-->[androidx.profileinstaller:profileinstaller:1.3.1] AndroidManifest.xml:44:25-82
153            </intent-filter>
154            <intent-filter>
154-->[androidx.profileinstaller:profileinstaller:1.3.1] AndroidManifest.xml:46:13-48:29
155                <action android:name="androidx.profileinstaller.action.SAVE_PROFILE" />
155-->[androidx.profileinstaller:profileinstaller:1.3.1] AndroidManifest.xml:47:17-88
155-->[androidx.profileinstaller:profileinstaller:1.3.1] AndroidManifest.xml:47:25-85
156            </intent-filter>
157            <intent-filter>
157-->[androidx.profileinstaller:profileinstaller:1.3.1] AndroidManifest.xml:49:13-51:29
158                <action android:name="androidx.profileinstaller.action.BENCHMARK_OPERATION" />
158-->[androidx.profileinstaller:profileinstaller:1.3.1] AndroidManifest.xml:50:17-95
158-->[androidx.profileinstaller:profileinstaller:1.3.1] AndroidManifest.xml:50:25-92
159            </intent-filter>
160        </receiver>
161    </application>
162
163</manifest>